 running run_tests_if_needed.sh
 running run_tests_if_needed.sh
 running run_tests_if_needed.sh
Running a test
Compiling Assignment arvinds for user FractionCalculator
javac -cp /root/woodside_apcs_2013_tests/APCS-Test-Framework/lib/junit-4.11-SNAPSHOT-20120416-1530.jar /var/www/bigbluebutton-default/Dropbox/WoodsideAPCS2012-2013/arvinds/FractionCalculator/try1-done/*.java
javac: file not found: /var/www/bigbluebutton-default/Dropbox/WoodsideAPCS2012-2013/arvinds/FractionCalculator/try1-done/*.java
Usage: javac <options> <source files>
use -help for a list of possible options
 running run_tests_if_needed.sh
 running run_tests_if_needed.sh
 running run_tests_if_needed.sh
 running run_tests_if_needed.sh
Running a test
Compiling Assignment arvinds for user FractionCalculator
javac -cp /root/woodside_apcs_2013_tests/APCS-Test-Framework/lib/junit-4.11-SNAPSHOT-20120416-1530.jar /var/www/bigbluebutton-default/Dropbox/WoodsideAPCS2012-2013/arvinds/FractionCalculator/try1-done/*.java
javac: file not found: /var/www/bigbluebutton-default/Dropbox/WoodsideAPCS2012-2013/arvinds/FractionCalculator/try1-done/*.java
Usage: javac <options> <source files>
use -help for a list of possible options
 running run_tests_if_needed.sh
 running run_tests_if_needed.sh
 running run_tests_if_needed.sh
 running run_tests_if_needed.sh
/root/woodside_apcs_2013_tests/APCS-Test-Framework/scripts/run_tests_if_needed.rb:91:in `junitReportToHtmlReport': undefined method `[]' for nil:NilClass (NoMethodError)
	from /root/woodside_apcs_2013_tests/APCS-Test-Framework/scripts/run_tests_if_needed.rb:145:in `block (4 levels) in <main>'
	from /root/woodside_apcs_2013_tests/APCS-Test-Framework/scripts/run_tests_if_needed.rb:142:in `open'
	from /root/woodside_apcs_2013_tests/APCS-Test-Framework/scripts/run_tests_if_needed.rb:142:in `block (3 levels) in <main>'
	from /root/woodside_apcs_2013_tests/APCS-Test-Framework/scripts/run_tests_if_needed.rb:131:in `each'
	from /root/woodside_apcs_2013_tests/APCS-Test-Framework/scripts/run_tests_if_needed.rb:131:in `block (2 levels) in <main>'
	from /root/woodside_apcs_2013_tests/APCS-Test-Framework/scripts/run_tests_if_needed.rb:126:in `each'
	from /root/woodside_apcs_2013_tests/APCS-Test-Framework/scripts/run_tests_if_needed.rb:126:in `block in <main>'
	from /root/woodside_apcs_2013_tests/APCS-Test-Framework/scripts/run_tests_if_needed.rb:121:in `each'
	from /root/woodside_apcs_2013_tests/APCS-Test-Framework/scripts/run_tests_if_needed.rb:121:in `<main>'
Running a test
Compiling Assignment arvinds for user FractionCalculator
javac -cp /root/woodside_apcs_2013_tests/APCS-Test-Framework/lib/junit-4.11-SNAPSHOT-20120416-1530.jar /var/www/bigbluebutton-default/Dropbox/WoodsideAPCS2012-2013/arvinds/FractionCalculator/try1-done/FractionCalculator.java
Compiling All Tests
javac -cp /root/woodside_apcs_2013_tests/APCS-Test-Framework/lib/junit-4.11-SNAPSHOT-20120416-1530.jar:/var/www/bigbluebutton-default/Dropbox/WoodsideAPCS2012-2013/arvinds/FractionCalculator/try1-done/ /root/woodside_apcs_2013_tests/APCS-Test-Framework/tests/TestFractionCalculator.java
Running
java -cp /root/woodside_apcs_2013_tests/APCS-Test-Framework/tests/:/root/woodside_apcs_2013_tests/APCS-Test-Framework/lib/junit-4.11-SNAPSHOT-20120416-1530.jar:/var/www/bigbluebutton-default/Dropbox/WoodsideAPCS2012-2013/arvinds/FractionCalculator/try1-done/ org.junit.runner.JUnitCore TestFractionCalculator
JUnit version 4.11-SNAPSHOT-20120416-1530
.....
Time: 8.568

OK (5 tests)

Finished running test successfully.
dnotify: child terminated with non-zero status
 running run_tests_if_needed.sh
 running run_tests_if_needed.sh
 running run_tests_if_needed.sh
 running run_tests_if_needed.sh
/root/woodside_apcs_2013_tests/APCS-Test-Framework/scripts/run_tests_if_needed.rb:91:in `junitReportToHtmlReport': undefined method `matches' for [["5"]]:Array (NoMethodError)
	from /root/woodside_apcs_2013_tests/APCS-Test-Framework/scripts/run_tests_if_needed.rb:154:in `block (4 levels) in <main>'
	from /root/woodside_apcs_2013_tests/APCS-Test-Framework/scripts/run_tests_if_needed.rb:151:in `open'
	from /root/woodside_apcs_2013_tests/APCS-Test-Framework/scripts/run_tests_if_needed.rb:151:in `block (3 levels) in <main>'
	from /root/woodside_apcs_2013_tests/APCS-Test-Framework/scripts/run_tests_if_needed.rb:140:in `each'
	from /root/woodside_apcs_2013_tests/APCS-Test-Framework/scripts/run_tests_if_needed.rb:140:in `block (2 levels) in <main>'
	from /root/woodside_apcs_2013_tests/APCS-Test-Framework/scripts/run_tests_if_needed.rb:135:in `each'
	from /root/woodside_apcs_2013_tests/APCS-Test-Framework/scripts/run_tests_if_needed.rb:135:in `block in <main>'
	from /root/woodside_apcs_2013_tests/APCS-Test-Framework/scripts/run_tests_if_needed.rb:130:in `each'
	from /root/woodside_apcs_2013_tests/APCS-Test-Framework/scripts/run_tests_if_needed.rb:130:in `<main>'
Running a test
Compiling Assignment arvinds for user FractionCalculator
javac -cp /root/woodside_apcs_2013_tests/APCS-Test-Framework/lib/junit-4.11-SNAPSHOT-20120416-1530.jar /var/www/bigbluebutton-default/Dropbox/WoodsideAPCS2012-2013/arvinds/FractionCalculator/try1-done/FractionCalculator.java
Compiling All Tests
javac -cp /root/woodside_apcs_2013_tests/APCS-Test-Framework/lib/junit-4.11-SNAPSHOT-20120416-1530.jar:/var/www/bigbluebutton-default/Dropbox/WoodsideAPCS2012-2013/arvinds/FractionCalculator/try1-done/ /root/woodside_apcs_2013_tests/APCS-Test-Framework/tests/TestFractionCalculator.java
Running
java -cp /root/woodside_apcs_2013_tests/APCS-Test-Framework/tests/:/root/woodside_apcs_2013_tests/APCS-Test-Framework/lib/junit-4.11-SNAPSHOT-20120416-1530.jar:/var/www/bigbluebutton-default/Dropbox/WoodsideAPCS2012-2013/arvinds/FractionCalculator/try1-done/ org.junit.runner.JUnitCore TestFractionCalculator
JUnit version 4.11-SNAPSHOT-20120416-1530
.....
Time: 8.559

OK (5 tests)

Finished running test successfully.
dnotify: child terminated with non-zero status
 running run_tests_if_needed.sh
 running run_tests_if_needed.sh
 running run_tests_if_needed.sh
 running run_tests_if_needed.sh
/root/woodside_apcs_2013_tests/APCS-Test-Framework/scripts/run_tests_if_needed.rb:91:in `junitReportToHtmlReport': undefined method `matches' for [["5"]]:Array (NoMethodError)
	from /root/woodside_apcs_2013_tests/APCS-Test-Framework/scripts/run_tests_if_needed.rb:154:in `block (4 levels) in <main>'
	from /root/woodside_apcs_2013_tests/APCS-Test-Framework/scripts/run_tests_if_needed.rb:151:in `open'
	from /root/woodside_apcs_2013_tests/APCS-Test-Framework/scripts/run_tests_if_needed.rb:151:in `block (3 levels) in <main>'
	from /root/woodside_apcs_2013_tests/APCS-Test-Framework/scripts/run_tests_if_needed.rb:140:in `each'
	from /root/woodside_apcs_2013_tests/APCS-Test-Framework/scripts/run_tests_if_needed.rb:140:in `block (2 levels) in <main>'
	from /root/woodside_apcs_2013_tests/APCS-Test-Framework/scripts/run_tests_if_needed.rb:135:in `each'
	from /root/woodside_apcs_2013_tests/APCS-Test-Framework/scripts/run_tests_if_needed.rb:135:in `block in <main>'
	from /root/woodside_apcs_2013_tests/APCS-Test-Framework/scripts/run_tests_if_needed.rb:130:in `each'
	from /root/woodside_apcs_2013_tests/APCS-Test-Framework/scripts/run_tests_if_needed.rb:130:in `<main>'
Running a test
Compiling Assignment arvinds for user FractionCalculator
javac -cp /root/woodside_apcs_2013_tests/APCS-Test-Framework/lib/junit-4.11-SNAPSHOT-20120416-1530.jar /var/www/bigbluebutton-default/Dropbox/WoodsideAPCS2012-2013/arvinds/FractionCalculator/try1-done/FractionCalculator.java
Compiling All Tests
javac -cp /root/woodside_apcs_2013_tests/APCS-Test-Framework/lib/junit-4.11-SNAPSHOT-20120416-1530.jar:/var/www/bigbluebutton-default/Dropbox/WoodsideAPCS2012-2013/arvinds/FractionCalculator/try1-done/ /root/woodside_apcs_2013_tests/APCS-Test-Framework/tests/TestFractionCalculator.java
Running
java -cp /root/woodside_apcs_2013_tests/APCS-Test-Framework/tests/:/root/woodside_apcs_2013_tests/APCS-Test-Framework/lib/junit-4.11-SNAPSHOT-20120416-1530.jar:/var/www/bigbluebutton-default/Dropbox/WoodsideAPCS2012-2013/arvinds/FractionCalculator/try1-done/ org.junit.runner.JUnitCore TestFractionCalculator
JUnit version 4.11-SNAPSHOT-20120416-1530
.....
Time: 8.558

OK (5 tests)

Finished running test successfully.
dnotify: child terminated with non-zero status
 running run_tests_if_needed.sh
 running run_tests_if_needed.sh
 running run_tests_if_needed.sh
 running run_tests_if_needed.sh
Running a test
Compiling Assignment arvinds for user FractionCalculator
javac -cp /root/woodside_apcs_2013_tests/APCS-Test-Framework/lib/junit-4.11-SNAPSHOT-20120416-1530.jar /var/www/bigbluebutton-default/Dropbox/WoodsideAPCS2012-2013/arvinds/FractionCalculator/try1-done/FractionCalculator.java
Compiling All Tests
javac -cp /root/woodside_apcs_2013_tests/APCS-Test-Framework/lib/junit-4.11-SNAPSHOT-20120416-1530.jar:/var/www/bigbluebutton-default/Dropbox/WoodsideAPCS2012-2013/arvinds/FractionCalculator/try1-done/ /root/woodside_apcs_2013_tests/APCS-Test-Framework/tests/TestFractionCalculator.java
Running
java -cp /root/woodside_apcs_2013_tests/APCS-Test-Framework/tests/:/root/woodside_apcs_2013_tests/APCS-Test-Framework/lib/junit-4.11-SNAPSHOT-20120416-1530.jar:/var/www/bigbluebutton-default/Dropbox/WoodsideAPCS2012-2013/arvinds/FractionCalculator/try1-done/ org.junit.runner.JUnitCore TestFractionCalculator
JUnit version 4.11-SNAPSHOT-20120416-1530
.....
Time: 8.558

OK (5 tests)

Finished running test successfully.
 running run_tests_if_needed.sh
 running run_tests_if_needed.sh
 running run_tests_if_needed.sh
 running run_tests_if_needed.sh
Running a test
Compiling Assignment arvinds for user FractionCalculator
javac -cp /root/woodside_apcs_2013_tests/APCS-Test-Framework/lib/junit-4.11-SNAPSHOT-20120416-1530.jar /var/www/bigbluebutton-default/Dropbox/WoodsideAPCS2012-2013/arvinds/FractionCalculator/try1-done/*.java
javac: file not found: /var/www/bigbluebutton-default/Dropbox/WoodsideAPCS2012-2013/arvinds/FractionCalculator/try1-done/*.java
Usage: javac <options> <source files>
use -help for a list of possible options
 running run_tests_if_needed.sh
 running run_tests_if_needed.sh
 running run_tests_if_needed.sh
 running run_tests_if_needed.sh
Running a test
Compiling Assignment FractionCalculator for user alyssad
javac -cp /root/woodside_apcs_2013_tests/APCS-Test-Framework/lib/junit-4.11-SNAPSHOT-20120416-1530.jar /var/www/bigbluebutton-default/Dropbox/WoodsideAPCS2012-2013/alyssad/FractionCalculator/attempt1-done/FractionCalculator.java
Compiling All Tests
javac -cp /root/woodside_apcs_2013_tests/APCS-Test-Framework/lib/junit-4.11-SNAPSHOT-20120416-1530.jar:/var/www/bigbluebutton-default/Dropbox/WoodsideAPCS2012-2013/alyssad/FractionCalculator/attempt1-done/ /root/woodside_apcs_2013_tests/APCS-Test-Framework/tests/TestFractionCalculator.java
Running
java -cp /root/woodside_apcs_2013_tests/APCS-Test-Framework/tests/:/root/woodside_apcs_2013_tests/APCS-Test-Framework/lib/junit-4.11-SNAPSHOT-20120416-1530.jar:/var/www/bigbluebutton-default/Dropbox/WoodsideAPCS2012-2013/alyssad/FractionCalculator/attempt1-done/ org.junit.runner.JUnitCore TestFractionCalculator
JUnit version 4.11-SNAPSHOT-20120416-1530
..E...E
Time: 8.563
There were 2 failures:
1) testBasicDivision(TestFractionCalculator)
org.junit.ComparisonFailure: expected:<[1/1]
> but was:<[Invalid input, try again.]
>
	at org.junit.Assert.assertEquals(Assert.java:124)
	at org.junit.Assert.assertEquals(Assert.java:146)
	at TestFractionCalculator.testInAndOut(TestFractionCalculator.java:129)
	at TestFractionCalculator.testBasicDivision(TestFractionCalculator.java:196)
	at sun.reflect.NativeMethodAccessorImpl.invoke0(Native Method)
	at sun.reflect.NativeMethodAccessorImpl.invoke(NativeMethodAccessorImpl.java:57)
	at sun.reflect.DelegatingMethodAccessorImpl.invoke(DelegatingMethodAccessorImpl.java:43)
	at java.lang.reflect.Method.invoke(Method.java:616)
	at org.junit.runners.model.FrameworkMethod$1.runReflectiveCall(FrameworkMethod.java:45)
	at org.junit.internal.runners.model.ReflectiveCallable.run(ReflectiveCallable.java:15)
	at org.junit.runners.model.FrameworkMethod.invokeExplosively(FrameworkMethod.java:42)
	at org.junit.internal.runners.statements.InvokeMethod.evaluate(InvokeMethod.java:20)
	at org.junit.internal.runners.statements.RunBefores.evaluate(RunBefores.java:28)
	at org.junit.internal.runners.statements.RunAfters.evaluate(RunAfters.java:30)
	at org.junit.runners.ParentRunner.runLeaf(ParentRunner.java:269)
	at org.junit.runners.BlockJUnit4ClassRunner.runChild(BlockJUnit4ClassRunner.java:69)
	at org.junit.runners.BlockJUnit4ClassRunner.runChild(BlockJUnit4ClassRunner.java:48)
	at org.junit.runners.ParentRunner$3.run(ParentRunner.java:237)
	at org.junit.runners.ParentRunner$1.schedule(ParentRunner.java:61)
	at org.junit.runners.ParentRunner.runChildren(ParentRunner.java:235)
	at org.junit.runners.ParentRunner.access$000(ParentRunner.java:51)
	at org.junit.runners.ParentRunner$2.evaluate(ParentRunner.java:228)
	at org.junit.runners.ParentRunner.run(ParentRunner.java:306)
	at org.junit.runners.Suite.runChild(Suite.java:128)
	at org.junit.runners.Suite.runChild(Suite.java:24)
	at org.junit.runners.ParentRunner$3.run(ParentRunner.java:237)
	at org.junit.runners.ParentRunner$1.schedule(ParentRunner.java:61)
	at org.junit.runners.ParentRunner.runChildren(ParentRunner.java:235)
	at org.junit.runners.ParentRunner.access$000(ParentRunner.java:51)
	at org.junit.runners.ParentRunner$2.evaluate(ParentRunner.java:228)
	at org.junit.runners.ParentRunner.run(ParentRunner.java:306)
	at org.junit.runner.JUnitCore.run(JUnitCore.java:151)
	at org.junit.runner.JUnitCore.run(JUnitCore.java:130)
	at org.junit.runner.JUnitCore.run(JUnitCore.java:111)
	at org.junit.runner.JUnitCore.runMain(JUnitCore.java:92)
	at org.junit.runner.JUnitCore.runMainAndExit(JUnitCore.java:47)
	at org.junit.runner.JUnitCore.main(JUnitCore.java:38)
2) testExit(TestFractionCalculator)
java.lang.AssertionError: Expected the program to be terminated but it was running. expected:<false> but was:<true>
	at org.junit.Assert.fail(Assert.java:92)
	at org.junit.Assert.failNotEquals(Assert.java:646)
	at org.junit.Assert.assertEquals(Assert.java:127)
	at TestFractionCalculator.assertRunStatus(TestFractionCalculator.java:153)
	at TestFractionCalculator.testExit(TestFractionCalculator.java:204)
	at sun.reflect.NativeMethodAccessorImpl.invoke0(Native Method)
	at sun.reflect.NativeMethodAccessorImpl.invoke(NativeMethodAccessorImpl.java:57)
	at sun.reflect.DelegatingMethodAccessorImpl.invoke(DelegatingMethodAccessorImpl.java:43)
	at java.lang.reflect.Method.invoke(Method.java:616)
	at org.junit.runners.model.FrameworkMethod$1.runReflectiveCall(FrameworkMethod.java:45)
	at org.junit.internal.runners.model.ReflectiveCallable.run(ReflectiveCallable.java:15)
	at org.junit.runners.model.FrameworkMethod.invokeExplosively(FrameworkMethod.java:42)
	at org.junit.internal.runners.statements.InvokeMethod.evaluate(InvokeMethod.java:20)
	at org.junit.internal.runners.statements.RunBefores.evaluate(RunBefores.java:28)
	at org.junit.internal.runners.statements.RunAfters.evaluate(RunAfters.java:30)
	at org.junit.runners.ParentRunner.runLeaf(ParentRunner.java:269)
	at org.junit.runners.BlockJUnit4ClassRunner.runChild(BlockJUnit4ClassRunner.java:69)
	at org.junit.runners.BlockJUnit4ClassRunner.runChild(BlockJUnit4ClassRunner.java:48)
	at org.junit.runners.ParentRunner$3.run(ParentRunner.java:237)
	at org.junit.runners.ParentRunner$1.schedule(ParentRunner.java:61)
	at org.junit.runners.ParentRunner.runChildren(ParentRunner.java:235)
	at org.junit.runners.ParentRunner.access$000(ParentRunner.java:51)
	at org.junit.runners.ParentRunner$2.evaluate(ParentRunner.java:228)
	at org.junit.runners.ParentRunner.run(ParentRunner.java:306)
	at org.junit.runners.Suite.runChild(Suite.java:128)
	at org.junit.runners.Suite.runChild(Suite.java:24)
	at org.junit.runners.ParentRunner$3.run(ParentRunner.java:237)
	at org.junit.runners.ParentRunner$1.schedule(ParentRunner.java:61)
	at org.junit.runners.ParentRunner.runChildren(ParentRunner.java:235)
	at org.junit.runners.ParentRunner.access$000(ParentRunner.java:51)
	at org.junit.runners.ParentRunner$2.evaluate(ParentRunner.java:228)
	at org.junit.runners.ParentRunner.run(ParentRunner.java:306)
	at org.junit.runner.JUnitCore.run(JUnitCore.java:151)
	at org.junit.runner.JUnitCore.run(JUnitCore.java:130)
	at org.junit.runner.JUnitCore.run(JUnitCore.java:111)
	at org.junit.runner.JUnitCore.runMain(JUnitCore.java:92)
	at org.junit.runner.JUnitCore.runMainAndExit(JUnitCore.java:47)
	at org.junit.runner.JUnitCore.main(JUnitCore.java:38)

FAILURES!!!
Tests run: 5,  Failures: 2

 running run_tests_if_needed.sh
 running run_tests_if_needed.sh
 running run_tests_if_needed.sh
 running run_tests_if_needed.sh
Running a test
Compiling Assignment FractionCalculator for user arvinds
javac -cp /root/woodside_apcs_2013_tests/APCS-Test-Framework/lib/junit-4.11-SNAPSHOT-20120416-1530.jar /var/www/bigbluebutton-default/Dropbox/WoodsideAPCS2012-2013/arvinds/FractionCalculator/try1-done/*.java
javac: file not found: /var/www/bigbluebutton-default/Dropbox/WoodsideAPCS2012-2013/arvinds/FractionCalculator/try1-done/*.java
Usage: javac <options> <source files>
use -help for a list of possible options
 running run_tests_if_needed.sh
 running run_tests_if_needed.sh
 running run_tests_if_needed.sh
 running run_tests_if_needed.sh
Running a test
Compiling Assignment FractionCalculator for user arvinds
javac -cp /root/woodside_apcs_2013_tests/APCS-Test-Framework/lib/junit-4.11-SNAPSHOT-20120416-1530.jar /var/www/bigbluebutton-default/Dropbox/WoodsideAPCS2012-2013/arvinds/FractionCalculator/try1-done/FractionCalculator.java
Compiling All Tests
javac -cp /root/woodside_apcs_2013_tests/APCS-Test-Framework/lib/junit-4.11-SNAPSHOT-20120416-1530.jar:/var/www/bigbluebutton-default/Dropbox/WoodsideAPCS2012-2013/arvinds/FractionCalculator/try1-done/ /root/woodside_apcs_2013_tests/APCS-Test-Framework/tests/TestFractionCalculator.java
Running
java -cp /root/woodside_apcs_2013_tests/APCS-Test-Framework/tests/:/root/woodside_apcs_2013_tests/APCS-Test-Framework/lib/junit-4.11-SNAPSHOT-20120416-1530.jar:/var/www/bigbluebutton-default/Dropbox/WoodsideAPCS2012-2013/arvinds/FractionCalculator/try1-done/ org.junit.runner.JUnitCore TestFractionCalculator
JUnit version 4.11-SNAPSHOT-20120416-1530
.....
Time: 8.557

OK (5 tests)

Finished running test successfully.
 running run_tests_if_needed.sh
 running run_tests_if_needed.sh
 running run_tests_if_needed.sh
 running run_tests_if_needed.sh
Running a test
Compiling Assignment FractionCalculator for user alyssad
javac -cp /root/woodside_apcs_2013_tests/APCS-Test-Framework/lib/junit-4.11-SNAPSHOT-20120416-1530.jar /var/www/bigbluebutton-default/Dropbox/WoodsideAPCS2012-2013/alyssad/FractionCalculator/attempt1-done/FractionCalculator.java
Compiling All Tests
javac -cp /root/woodside_apcs_2013_tests/APCS-Test-Framework/lib/junit-4.11-SNAPSHOT-20120416-1530.jar:/var/www/bigbluebutton-default/Dropbox/WoodsideAPCS2012-2013/alyssad/FractionCalculator/attempt1-done/ /root/woodside_apcs_2013_tests/APCS-Test-Framework/tests/TestFractionCalculator.java
Running
java -cp /root/woodside_apcs_2013_tests/APCS-Test-Framework/tests/:/root/woodside_apcs_2013_tests/APCS-Test-Framework/lib/junit-4.11-SNAPSHOT-20120416-1530.jar:/var/www/bigbluebutton-default/Dropbox/WoodsideAPCS2012-2013/alyssad/FractionCalculator/attempt1-done/ org.junit.runner.JUnitCore TestFractionCalculator
JUnit version 4.11-SNAPSHOT-20120416-1530
..E...E
Time: 8.567
There were 2 failures:
1) testBasicDivision(TestFractionCalculator)
org.junit.ComparisonFailure: expected:<[1/1]
> but was:<[Invalid input, try again.]
>
	at org.junit.Assert.assertEquals(Assert.java:124)
	at org.junit.Assert.assertEquals(Assert.java:146)
	at TestFractionCalculator.testInAndOut(TestFractionCalculator.java:129)
	at TestFractionCalculator.testBasicDivision(TestFractionCalculator.java:196)
	at sun.reflect.NativeMethodAccessorImpl.invoke0(Native Method)
	at sun.reflect.NativeMethodAccessorImpl.invoke(NativeMethodAccessorImpl.java:57)
	at sun.reflect.DelegatingMethodAccessorImpl.invoke(DelegatingMethodAccessorImpl.java:43)
	at java.lang.reflect.Method.invoke(Method.java:616)
	at org.junit.runners.model.FrameworkMethod$1.runReflectiveCall(FrameworkMethod.java:45)
	at org.junit.internal.runners.model.ReflectiveCallable.run(ReflectiveCallable.java:15)
	at org.junit.runners.model.FrameworkMethod.invokeExplosively(FrameworkMethod.java:42)
	at org.junit.internal.runners.statements.InvokeMethod.evaluate(InvokeMethod.java:20)
	at org.junit.internal.runners.statements.RunBefores.evaluate(RunBefores.java:28)
	at org.junit.internal.runners.statements.RunAfters.evaluate(RunAfters.java:30)
	at org.junit.runners.ParentRunner.runLeaf(ParentRunner.java:269)
	at org.junit.runners.BlockJUnit4ClassRunner.runChild(BlockJUnit4ClassRunner.java:69)
	at org.junit.runners.BlockJUnit4ClassRunner.runChild(BlockJUnit4ClassRunner.java:48)
	at org.junit.runners.ParentRunner$3.run(ParentRunner.java:237)
	at org.junit.runners.ParentRunner$1.schedule(ParentRunner.java:61)
	at org.junit.runners.ParentRunner.runChildren(ParentRunner.java:235)
	at org.junit.runners.ParentRunner.access$000(ParentRunner.java:51)
	at org.junit.runners.ParentRunner$2.evaluate(ParentRunner.java:228)
	at org.junit.runners.ParentRunner.run(ParentRunner.java:306)
	at org.junit.runners.Suite.runChild(Suite.java:128)
	at org.junit.runners.Suite.runChild(Suite.java:24)
	at org.junit.runners.ParentRunner$3.run(ParentRunner.java:237)
	at org.junit.runners.ParentRunner$1.schedule(ParentRunner.java:61)
	at org.junit.runners.ParentRunner.runChildren(ParentRunner.java:235)
	at org.junit.runners.ParentRunner.access$000(ParentRunner.java:51)
	at org.junit.runners.ParentRunner$2.evaluate(ParentRunner.java:228)
	at org.junit.runners.ParentRunner.run(ParentRunner.java:306)
	at org.junit.runner.JUnitCore.run(JUnitCore.java:151)
	at org.junit.runner.JUnitCore.run(JUnitCore.java:130)
	at org.junit.runner.JUnitCore.run(JUnitCore.java:111)
	at org.junit.runner.JUnitCore.runMain(JUnitCore.java:92)
	at org.junit.runner.JUnitCore.runMainAndExit(JUnitCore.java:47)
	at org.junit.runner.JUnitCore.main(JUnitCore.java:38)
2) testExit(TestFractionCalculator)
java.lang.AssertionError: Expected the program to be terminated but it was running. expected:<false> but was:<true>
	at org.junit.Assert.fail(Assert.java:92)
	at org.junit.Assert.failNotEquals(Assert.java:646)
	at org.junit.Assert.assertEquals(Assert.java:127)
	at TestFractionCalculator.assertRunStatus(TestFractionCalculator.java:153)
	at TestFractionCalculator.testExit(TestFractionCalculator.java:204)
	at sun.reflect.NativeMethodAccessorImpl.invoke0(Native Method)
	at sun.reflect.NativeMethodAccessorImpl.invoke(NativeMethodAccessorImpl.java:57)
	at sun.reflect.DelegatingMethodAccessorImpl.invoke(DelegatingMethodAccessorImpl.java:43)
	at java.lang.reflect.Method.invoke(Method.java:616)
	at org.junit.runners.model.FrameworkMethod$1.runReflectiveCall(FrameworkMethod.java:45)
	at org.junit.internal.runners.model.ReflectiveCallable.run(ReflectiveCallable.java:15)
	at org.junit.runners.model.FrameworkMethod.invokeExplosively(FrameworkMethod.java:42)
	at org.junit.internal.runners.statements.InvokeMethod.evaluate(InvokeMethod.java:20)
	at org.junit.internal.runners.statements.RunBefores.evaluate(RunBefores.java:28)
	at org.junit.internal.runners.statements.RunAfters.evaluate(RunAfters.java:30)
	at org.junit.runners.ParentRunner.runLeaf(ParentRunner.java:269)
	at org.junit.runners.BlockJUnit4ClassRunner.runChild(BlockJUnit4ClassRunner.java:69)
	at org.junit.runners.BlockJUnit4ClassRunner.runChild(BlockJUnit4ClassRunner.java:48)
	at org.junit.runners.ParentRunner$3.run(ParentRunner.java:237)
	at org.junit.runners.ParentRunner$1.schedule(ParentRunner.java:61)
	at org.junit.runners.ParentRunner.runChildren(ParentRunner.java:235)
	at org.junit.runners.ParentRunner.access$000(ParentRunner.java:51)
	at org.junit.runners.ParentRunner$2.evaluate(ParentRunner.java:228)
	at org.junit.runners.ParentRunner.run(ParentRunner.java:306)
	at org.junit.runners.Suite.runChild(Suite.java:128)
	at org.junit.runners.Suite.runChild(Suite.java:24)
	at org.junit.runners.ParentRunner$3.run(ParentRunner.java:237)
	at org.junit.runners.ParentRunner$1.schedule(ParentRunner.java:61)
	at org.junit.runners.ParentRunner.runChildren(ParentRunner.java:235)
	at org.junit.runners.ParentRunner.access$000(ParentRunner.java:51)
	at org.junit.runners.ParentRunner$2.evaluate(ParentRunner.java:228)
	at org.junit.runners.ParentRunner.run(ParentRunner.java:306)
	at org.junit.runner.JUnitCore.run(JUnitCore.java:151)
	at org.junit.runner.JUnitCore.run(JUnitCore.java:130)
	at org.junit.runner.JUnitCore.run(JUnitCore.java:111)
	at org.junit.runner.JUnitCore.runMain(JUnitCore.java:92)
	at org.junit.runner.JUnitCore.runMainAndExit(JUnitCore.java:47)
	at org.junit.runner.JUnitCore.main(JUnitCore.java:38)

FAILURES!!!
Tests run: 5,  Failures: 2

..E...E
Time: 8.567
There were 2 failures:
1) testBasicDivision(TestFractionCalculator)
org.junit.ComparisonFailure: expected:<[1/1]
> but was:<[Invalid input, try again.]
>
	at org.junit.Assert.assertEquals(Assert.java:124)
	at org.junit.Assert.assertEquals(Assert.java:146)
	at TestFractionCalculator.testInAndOut(TestFractionCalculator.java:129)
	at TestFractionCalculator.testBasicDivision(TestFractionCalculator.java:196)
	at sun.reflect.NativeMethodAccessorImpl.invoke0(Native Method)
	at sun.reflect.NativeMethodAccessorImpl.invoke(NativeMethodAccessorImpl.java:57)
	at sun.reflect.DelegatingMethodAccessorImpl.invoke(DelegatingMethodAccessorImpl.java:43)
	at java.lang.reflect.Method.invoke(Method.java:616)
	at org.junit.runners.model.FrameworkMethod$1.runReflectiveCall(FrameworkMethod.java:45)
	at org.junit.internal.runners.model.ReflectiveCallable.run(ReflectiveCallable.java:15)
	at org.junit.runners.model.FrameworkMethod.invokeExplosively(FrameworkMethod.java:42)
	at org.junit.internal.runners.statements.InvokeMethod.evaluate(InvokeMethod.java:20)
	at org.junit.internal.runners.statements.RunBefores.evaluate(RunBefores.java:28)
	at org.junit.internal.runners.statements.RunAfters.evaluate(RunAfters.java:30)
	at org.junit.runners.ParentRunner.runLeaf(ParentRunner.java:269)
	at org.junit.runners.BlockJUnit4ClassRunner.runChild(BlockJUnit4ClassRunner.java:69)
	at org.junit.runners.BlockJUnit4ClassRunner.runChild(BlockJUnit4ClassRunner.java:48)
	at org.junit.runners.ParentRunner$3.run(ParentRunner.java:237)
	at org.junit.runners.ParentRunner$1.schedule(ParentRunner.java:61)
	at org.junit.runners.ParentRunner.runChildren(ParentRunner.java:235)
	at org.junit.runners.ParentRunner.access$000(ParentRunner.java:51)
	at org.junit.runners.ParentRunner$2.evaluate(ParentRunner.java:228)
	at org.junit.runners.ParentRunner.run(ParentRunner.java:306)
	at org.junit.runners.Suite.runChild(Suite.java:128)
	at org.junit.runners.Suite.runChild(Suite.java:24)
	at org.junit.runners.ParentRunner$3.run(ParentRunner.java:237)
	at org.junit.runners.ParentRunner$1.schedule(ParentRunner.java:61)
	at org.junit.runners.ParentRunner.runChildren(ParentRunner.java:235)
	at org.junit.runners.ParentRunner.access$000(ParentRunner.java:51)
	at org.junit.runners.ParentRunner$2.evaluate(ParentRunner.java:228)
	at org.junit.runners.ParentRunner.run(ParentRunner.java:306)
	at org.junit.runner.JUnitCore.run(JUnitCore.java:151)
	at org.junit.runner.JUnitCore.run(JUnitCore.java:130)
	at org.junit.runner.JUnitCore.run(JUnitCore.java:111)
	at org.junit.runner.JUnitCore.runMain(JUnitCore.java:92)
	at org.junit.runner.JUnitCore.runMainAndExit(JUnitCore.java:47)
	at org.junit.runner.JUnitCore.main(JUnitCore.java:38)
2) testExit(TestFractionCalculator)
java.lang.AssertionError: Expected the program to be terminated but it was running. expected:<false> but was:<true>
	at org.junit.Assert.fail(Assert.java:92)
	at org.junit.Assert.failNotEquals(Assert.java:646)
	at org.junit.Assert.assertEquals(Assert.java:127)
	at TestFractionCalculator.assertRunStatus(TestFractionCalculator.java:153)
	at TestFractionCalculator.testExit(TestFractionCalculator.java:204)
	at sun.reflect.NativeMethodAccessorImpl.invoke0(Native Method)
	at sun.reflect.NativeMethodAccessorImpl.invoke(NativeMethodAccessorImpl.java:57)
	at sun.reflect.DelegatingMethodAccessorImpl.invoke(DelegatingMethodAccessorImpl.java:43)
	at java.lang.reflect.Method.invoke(Method.java:616)
	at org.junit.runners.model.FrameworkMethod$1.runReflectiveCall(FrameworkMethod.java:45)
	at org.junit.internal.runners.model.ReflectiveCallable.run(ReflectiveCallable.java:15)
	at org.junit.runners.model.FrameworkMethod.invokeExplosively(FrameworkMethod.java:42)
	at org.junit.internal.runners.statements.InvokeMethod.evaluate(InvokeMethod.java:20)
	at org.junit.internal.runners.statements.RunBefores.evaluate(RunBefores.java:28)
	at org.junit.internal.runners.statements.RunAfters.evaluate(RunAfters.java:30)
	at org.junit.runners.ParentRunner.runLeaf(ParentRunner.java:269)
	at org.junit.runners.BlockJUnit4ClassRunner.runChild(BlockJUnit4ClassRunner.java:69)
	at org.junit.runners.BlockJUnit4ClassRunner.runChild(BlockJUnit4ClassRunner.java:48)
	at org.junit.runners.ParentRunner$3.run(ParentRunner.java:237)
	at org.junit.runners.ParentRunner$1.schedule(ParentRunner.java:61)
	at org.junit.runners.ParentRunner.runChildren(ParentRunner.java:235)
	at org.junit.runners.ParentRunner.access$000(ParentRunner.java:51)
	at org.junit.runners.ParentRunner$2.evaluate(ParentRunner.java:228)
	at org.junit.runners.ParentRunner.run(ParentRunner.java:306)
	at org.junit.runners.Suite.runChild(Suite.java:128)
	at org.junit.runners.Suite.runChild(Suite.java:24)
	at org.junit.runners.ParentRunner$3.run(ParentRunner.java:237)
	at org.junit.runners.ParentRunner$1.schedule(ParentRunner.java:61)
	at org.junit.runners.ParentRunner.runChildren(ParentRunner.java:235)
	at org.junit.runners.ParentRunner.access$000(ParentRunner.java:51)
	at org.junit.runners.ParentRunner$2.evaluate(ParentRunner.java:228)
	at org.junit.runners.ParentRunner.run(ParentRunner.java:306)
	at org.junit.runner.JUnitCore.run(JUnitCore.java:151)
	at org.junit.runner.JUnitCore.run(JUnitCore.java:130)
	at org.junit.runner.JUnitCore.run(JUnitCore.java:111)
	at org.junit.runner.JUnitCore.runMain(JUnitCore.java:92)
	at org.junit.runner.JUnitCore.runMainAndExit(JUnitCore.java:47)
	at org.junit.runner.JUnitCore.main(JUnitCore.java:38)

FAILURES!!!
Tests run: 5,  Failures: 2

/root/woodside_apcs_2013_tests/APCS-Test-Framework/scripts/run_tests_if_needed.rb:113:in `block in junitReportToHtmlReport': undefined method `gsub!' for nil:NilClass (NoMethodError)
	from /root/woodside_apcs_2013_tests/APCS-Test-Framework/scripts/run_tests_if_needed.rb:105:in `each'
	from /root/woodside_apcs_2013_tests/APCS-Test-Framework/scripts/run_tests_if_needed.rb:105:in `junitReportToHtmlReport'
	from /root/woodside_apcs_2013_tests/APCS-Test-Framework/scripts/run_tests_if_needed.rb:154:in `block (4 levels) in <main>'
	from /root/woodside_apcs_2013_tests/APCS-Test-Framework/scripts/run_tests_if_needed.rb:151:in `open'
	from /root/woodside_apcs_2013_tests/APCS-Test-Framework/scripts/run_tests_if_needed.rb:151:in `block (3 levels) in <main>'
	from /root/woodside_apcs_2013_tests/APCS-Test-Framework/scripts/run_tests_if_needed.rb:140:in `each'
	from /root/woodside_apcs_2013_tests/APCS-Test-Framework/scripts/run_tests_if_needed.rb:140:in `block (2 levels) in <main>'
	from /root/woodside_apcs_2013_tests/APCS-Test-Framework/scripts/run_tests_if_needed.rb:135:in `each'
	from /root/woodside_apcs_2013_tests/APCS-Test-Framework/scripts/run_tests_if_needed.rb:135:in `block in <main>'
	from /root/woodside_apcs_2013_tests/APCS-Test-Framework/scripts/run_tests_if_needed.rb:130:in `each'
	from /root/woodside_apcs_2013_tests/APCS-Test-Framework/scripts/run_tests_if_needed.rb:130:in `<main>'
its: [["1", "testBasicDivision", "\norg.junit.ComparisonFailure", "", "<[1/1]\n>", "<[Invalid input, try again.]\n>\n\t"], ["2", "testExit", "\njava.lang.AssertionError", "Expected the program to be terminated but it was running. ", "<false>", "<true>\n\t"]]
also: [["1", "testBasicDivision", "\norg.junit.ComparisonFailure", "", "<[1/1]\n>", "<[Invalid input, try again.]\n>\n\t"], ["2", "testExit", "\njava.lang.AssertionError", "Expected the program to be terminated but it was running. ", "<false>", "<true>\n\t"]]
dnotify: child terminated with non-zero status
 running run_tests_if_needed.sh
 running run_tests_if_needed.sh
 running run_tests_if_needed.sh
 running run_tests_if_needed.sh
Running a test
Compiling Assignment FractionCalculator for user alyssad
javac -cp /root/woodside_apcs_2013_tests/APCS-Test-Framework/lib/junit-4.11-SNAPSHOT-20120416-1530.jar /var/www/bigbluebutton-default/Dropbox/WoodsideAPCS2012-2013/alyssad/FractionCalculator/attempt1-done/FractionCalculator.java
Compiling All Tests
javac -cp /root/woodside_apcs_2013_tests/APCS-Test-Framework/lib/junit-4.11-SNAPSHOT-20120416-1530.jar:/var/www/bigbluebutton-default/Dropbox/WoodsideAPCS2012-2013/alyssad/FractionCalculator/attempt1-done/ /root/woodside_apcs_2013_tests/APCS-Test-Framework/tests/TestFractionCalculator.java
Running
java -cp /root/woodside_apcs_2013_tests/APCS-Test-Framework/tests/:/root/woodside_apcs_2013_tests/APCS-Test-Framework/lib/junit-4.11-SNAPSHOT-20120416-1530.jar:/var/www/bigbluebutton-default/Dropbox/WoodsideAPCS2012-2013/alyssad/FractionCalculator/attempt1-done/ org.junit.runner.JUnitCore TestFractionCalculator
JUnit version 4.11-SNAPSHOT-20120416-1530
..E...E
Time: 8.562
There were 2 failures:
1) testBasicDivision(TestFractionCalculator)
org.junit.ComparisonFailure: expected:<[1/1]
> but was:<[Invalid input, try again.]
>
	at org.junit.Assert.assertEquals(Assert.java:124)
	at org.junit.Assert.assertEquals(Assert.java:146)
	at TestFractionCalculator.testInAndOut(TestFractionCalculator.java:129)
	at TestFractionCalculator.testBasicDivision(TestFractionCalculator.java:196)
	at sun.reflect.NativeMethodAccessorImpl.invoke0(Native Method)
	at sun.reflect.NativeMethodAccessorImpl.invoke(NativeMethodAccessorImpl.java:57)
	at sun.reflect.DelegatingMethodAccessorImpl.invoke(DelegatingMethodAccessorImpl.java:43)
	at java.lang.reflect.Method.invoke(Method.java:616)
	at org.junit.runners.model.FrameworkMethod$1.runReflectiveCall(FrameworkMethod.java:45)
	at org.junit.internal.runners.model.ReflectiveCallable.run(ReflectiveCallable.java:15)
	at org.junit.runners.model.FrameworkMethod.invokeExplosively(FrameworkMethod.java:42)
	at org.junit.internal.runners.statements.InvokeMethod.evaluate(InvokeMethod.java:20)
	at org.junit.internal.runners.statements.RunBefores.evaluate(RunBefores.java:28)
	at org.junit.internal.runners.statements.RunAfters.evaluate(RunAfters.java:30)
	at org.junit.runners.ParentRunner.runLeaf(ParentRunner.java:269)
	at org.junit.runners.BlockJUnit4ClassRunner.runChild(BlockJUnit4ClassRunner.java:69)
	at org.junit.runners.BlockJUnit4ClassRunner.runChild(BlockJUnit4ClassRunner.java:48)
	at org.junit.runners.ParentRunner$3.run(ParentRunner.java:237)
	at org.junit.runners.ParentRunner$1.schedule(ParentRunner.java:61)
	at org.junit.runners.ParentRunner.runChildren(ParentRunner.java:235)
	at org.junit.runners.ParentRunner.access$000(ParentRunner.java:51)
	at org.junit.runners.ParentRunner$2.evaluate(ParentRunner.java:228)
	at org.junit.runners.ParentRunner.run(ParentRunner.java:306)
	at org.junit.runners.Suite.runChild(Suite.java:128)
	at org.junit.runners.Suite.runChild(Suite.java:24)
	at org.junit.runners.ParentRunner$3.run(ParentRunner.java:237)
	at org.junit.runners.ParentRunner$1.schedule(ParentRunner.java:61)
	at org.junit.runners.ParentRunner.runChildren(ParentRunner.java:235)
	at org.junit.runners.ParentRunner.access$000(ParentRunner.java:51)
	at org.junit.runners.ParentRunner$2.evaluate(ParentRunner.java:228)
	at org.junit.runners.ParentRunner.run(ParentRunner.java:306)
	at org.junit.runner.JUnitCore.run(JUnitCore.java:151)
	at org.junit.runner.JUnitCore.run(JUnitCore.java:130)
	at org.junit.runner.JUnitCore.run(JUnitCore.java:111)
	at org.junit.runner.JUnitCore.runMain(JUnitCore.java:92)
	at org.junit.runner.JUnitCore.runMainAndExit(JUnitCore.java:47)
	at org.junit.runner.JUnitCore.main(JUnitCore.java:38)
2) testExit(TestFractionCalculator)
java.lang.AssertionError: Expected the program to be terminated but it was running. expected:<false> but was:<true>
	at org.junit.Assert.fail(Assert.java:92)
	at org.junit.Assert.failNotEquals(Assert.java:646)
	at org.junit.Assert.assertEquals(Assert.java:127)
	at TestFractionCalculator.assertRunStatus(TestFractionCalculator.java:153)
	at TestFractionCalculator.testExit(TestFractionCalculator.java:204)
	at sun.reflect.NativeMethodAccessorImpl.invoke0(Native Method)
	at sun.reflect.NativeMethodAccessorImpl.invoke(NativeMethodAccessorImpl.java:57)
	at sun.reflect.DelegatingMethodAccessorImpl.invoke(DelegatingMethodAccessorImpl.java:43)
	at java.lang.reflect.Method.invoke(Method.java:616)
	at org.junit.runners.model.FrameworkMethod$1.runReflectiveCall(FrameworkMethod.java:45)
	at org.junit.internal.runners.model.ReflectiveCallable.run(ReflectiveCallable.java:15)
	at org.junit.runners.model.FrameworkMethod.invokeExplosively(FrameworkMethod.java:42)
	at org.junit.internal.runners.statements.InvokeMethod.evaluate(InvokeMethod.java:20)
	at org.junit.internal.runners.statements.RunBefores.evaluate(RunBefores.java:28)
	at org.junit.internal.runners.statements.RunAfters.evaluate(RunAfters.java:30)
	at org.junit.runners.ParentRunner.runLeaf(ParentRunner.java:269)
	at org.junit.runners.BlockJUnit4ClassRunner.runChild(BlockJUnit4ClassRunner.java:69)
	at org.junit.runners.BlockJUnit4ClassRunner.runChild(BlockJUnit4ClassRunner.java:48)
	at org.junit.runners.ParentRunner$3.run(ParentRunner.java:237)
	at org.junit.runners.ParentRunner$1.schedule(ParentRunner.java:61)
	at org.junit.runners.ParentRunner.runChildren(ParentRunner.java:235)
	at org.junit.runners.ParentRunner.access$000(ParentRunner.java:51)
	at org.junit.runners.ParentRunner$2.evaluate(ParentRunner.java:228)
	at org.junit.runners.ParentRunner.run(ParentRunner.java:306)
	at org.junit.runners.Suite.runChild(Suite.java:128)
	at org.junit.runners.Suite.runChild(Suite.java:24)
	at org.junit.runners.ParentRunner$3.run(ParentRunner.java:237)
	at org.junit.runners.ParentRunner$1.schedule(ParentRunner.java:61)
	at org.junit.runners.ParentRunner.runChildren(ParentRunner.java:235)
	at org.junit.runners.ParentRunner.access$000(ParentRunner.java:51)
	at org.junit.runners.ParentRunner$2.evaluate(ParentRunner.java:228)
	at org.junit.runners.ParentRunner.run(ParentRunner.java:306)
	at org.junit.runner.JUnitCore.run(JUnitCore.java:151)
	at org.junit.runner.JUnitCore.run(JUnitCore.java:130)
	at org.junit.runner.JUnitCore.run(JUnitCore.java:111)
	at org.junit.runner.JUnitCore.runMain(JUnitCore.java:92)
	at org.junit.runner.JUnitCore.runMainAndExit(JUnitCore.java:47)
	at org.junit.runner.JUnitCore.main(JUnitCore.java:38)

FAILURES!!!
Tests run: 5,  Failures: 2

..E...E
Time: 8.562
There were 2 failures:
1) testBasicDivision(TestFractionCalculator)
org.junit.ComparisonFailure: expected:<[1/1]
> but was:<[Invalid input, try again.]
>
	at org.junit.Assert.assertEquals(Assert.java:124)
	at org.junit.Assert.assertEquals(Assert.java:146)
	at TestFractionCalculator.testInAndOut(TestFractionCalculator.java:129)
	at TestFractionCalculator.testBasicDivision(TestFractionCalculator.java:196)
	at sun.reflect.NativeMethodAccessorImpl.invoke0(Native Method)
	at sun.reflect.NativeMethodAccessorImpl.invoke(NativeMethodAccessorImpl.java:57)
	at sun.reflect.DelegatingMethodAccessorImpl.invoke(DelegatingMethodAccessorImpl.java:43)
	at java.lang.reflect.Method.invoke(Method.java:616)
	at org.junit.runners.model.FrameworkMethod$1.runReflectiveCall(FrameworkMethod.java:45)
	at org.junit.internal.runners.model.ReflectiveCallable.run(ReflectiveCallable.java:15)
	at org.junit.runners.model.FrameworkMethod.invokeExplosively(FrameworkMethod.java:42)
	at org.junit.internal.runners.statements.InvokeMethod.evaluate(InvokeMethod.java:20)
	at org.junit.internal.runners.statements.RunBefores.evaluate(RunBefores.java:28)
	at org.junit.internal.runners.statements.RunAfters.evaluate(RunAfters.java:30)
	at org.junit.runners.ParentRunner.runLeaf(ParentRunner.java:269)
	at org.junit.runners.BlockJUnit4ClassRunner.runChild(BlockJUnit4ClassRunner.java:69)
	at org.junit.runners.BlockJUnit4ClassRunner.runChild(BlockJUnit4ClassRunner.java:48)
	at org.junit.runners.ParentRunner$3.run(ParentRunner.java:237)
	at org.junit.runners.ParentRunner$1.schedule(ParentRunner.java:61)
	at org.junit.runners.ParentRunner.runChildren(ParentRunner.java:235)
	at org.junit.runners.ParentRunner.access$000(ParentRunner.java:51)
	at org.junit.runners.ParentRunner$2.evaluate(ParentRunner.java:228)
	at org.junit.runners.ParentRunner.run(ParentRunner.java:306)
	at org.junit.runners.Suite.runChild(Suite.java:128)
	at org.junit.runners.Suite.runChild(Suite.java:24)
	at org.junit.runners.ParentRunner$3.run(ParentRunner.java:237)
	at org.junit.runners.ParentRunner$1.schedule(ParentRunner.java:61)
	at org.junit.runners.ParentRunner.runChildren(ParentRunner.java:235)
	at org.junit.runners.ParentRunner.access$000(ParentRunner.java:51)
	at org.junit.runners.ParentRunner$2.evaluate(ParentRunner.java:228)
	at org.junit.runners.ParentRunner.run(ParentRunner.java:306)
	at org.junit.runner.JUnitCore.run(JUnitCore.java:151)
	at org.junit.runner.JUnitCore.run(JUnitCore.java:130)
	at org.junit.runner.JUnitCore.run(JUnitCore.java:111)
	at org.junit.runner.JUnitCore.runMain(JUnitCore.java:92)
	at org.junit.runner.JUnitCore.runMainAndExit(JUnitCore.java:47)
	at org.junit.runner.JUnitCore.main(JUnitCore.java:38)
2) testExit(TestFractionCalculator)
java.lang.AssertionError: Expected the program to be terminated but it was running. expected:<false> but was:<true>
	at org.junit.Assert.fail(Assert.java:92)
	at org.junit.Assert.failNotEquals(Assert.java:646)
	at org.junit.Assert.assertEquals(Assert.java:127)
	at TestFractionCalculator.assertRunStatus(TestFractionCalculator.java:153)
	at TestFractionCalculator.testExit(TestFractionCalculator.java:204)
	at sun.reflect.NativeMethodAccessorImpl.invoke0(Native Method)
	at sun.reflect.NativeMethodAccessorImpl.invoke(NativeMethodAccessorImpl.java:57)
	at sun.reflect.DelegatingMethodAccessorImpl.invoke(DelegatingMethodAccessorImpl.java:43)
	at java.lang.reflect.Method.invoke(Method.java:616)
	at org.junit.runners.model.FrameworkMethod$1.runReflectiveCall(FrameworkMethod.java:45)
	at org.junit.internal.runners.model.ReflectiveCallable.run(ReflectiveCallable.java:15)
	at org.junit.runners.model.FrameworkMethod.invokeExplosively(FrameworkMethod.java:42)
	at org.junit.internal.runners.statements.InvokeMethod.evaluate(InvokeMethod.java:20)
	at org.junit.internal.runners.statements.RunBefores.evaluate(RunBefores.java:28)
	at org.junit.internal.runners.statements.RunAfters.evaluate(RunAfters.java:30)
	at org.junit.runners.ParentRunner.runLeaf(ParentRunner.java:269)
	at org.junit.runners.BlockJUnit4ClassRunner.runChild(BlockJUnit4ClassRunner.java:69)
	at org.junit.runners.BlockJUnit4ClassRunner.runChild(BlockJUnit4ClassRunner.java:48)
	at org.junit.runners.ParentRunner$3.run(ParentRunner.java:237)
	at org.junit.runners.ParentRunner$1.schedule(ParentRunner.java:61)
	at org.junit.runners.ParentRunner.runChildren(ParentRunner.java:235)
	at org.junit.runners.ParentRunner.access$000(ParentRunner.java:51)
	at org.junit.runners.ParentRunner$2.evaluate(ParentRunner.java:228)
	at org.junit.runners.ParentRunner.run(ParentRunner.java:306)
	at org.junit.runners.Suite.runChild(Suite.java:128)
	at org.junit.runners.Suite.runChild(Suite.java:24)
	at org.junit.runners.ParentRunner$3.run(ParentRunner.java:237)
	at org.junit.runners.ParentRunner$1.schedule(ParentRunner.java:61)
	at org.junit.runners.ParentRunner.runChildren(ParentRunner.java:235)
	at org.junit.runners.ParentRunner.access$000(ParentRunner.java:51)
	at org.junit.runners.ParentRunner$2.evaluate(ParentRunner.java:228)
	at org.junit.runners.ParentRunner.run(ParentRunner.java:306)
	at org.junit.runner.JUnitCore.run(JUnitCore.java:151)
	at org.junit.runner.JUnitCore.run(JUnitCore.java:130)
	at org.junit.runner.JUnitCore.run(JUnitCore.java:111)
	at org.junit.runner.JUnitCore.runMain(JUnitCore.java:92)
	at org.junit.runner.JUnitCore.runMainAndExit(JUnitCore.java:47)
	at org.junit.runner.JUnitCore.main(JUnitCore.java:38)

FAILURES!!!
Tests run: 5,  Failures: 2

/root/woodside_apcs_2013_tests/APCS-Test-Framework/scripts/run_tests_if_needed.rb:117:in `block in junitReportToHtmlReport': undefined local variable or method `actualValue' for main:Object (NameError)
	from /root/woodside_apcs_2013_tests/APCS-Test-Framework/scripts/run_tests_if_needed.rb:105:in `each'
	from /root/woodside_apcs_2013_tests/APCS-Test-Framework/scripts/run_tests_if_needed.rb:105:in `junitReportToHtmlReport'
	from /root/woodside_apcs_2013_tests/APCS-Test-Framework/scripts/run_tests_if_needed.rb:156:in `block (4 levels) in <main>'
	from /root/woodside_apcs_2013_tests/APCS-Test-Framework/scripts/run_tests_if_needed.rb:153:in `open'
	from /root/woodside_apcs_2013_tests/APCS-Test-Framework/scripts/run_tests_if_needed.rb:153:in `block (3 levels) in <main>'
	from /root/woodside_apcs_2013_tests/APCS-Test-Framework/scripts/run_tests_if_needed.rb:142:in `each'
	from /root/woodside_apcs_2013_tests/APCS-Test-Framework/scripts/run_tests_if_needed.rb:142:in `block (2 levels) in <main>'
	from /root/woodside_apcs_2013_tests/APCS-Test-Framework/scripts/run_tests_if_needed.rb:137:in `each'
	from /root/woodside_apcs_2013_tests/APCS-Test-Framework/scripts/run_tests_if_needed.rb:137:in `block in <main>'
	from /root/woodside_apcs_2013_tests/APCS-Test-Framework/scripts/run_tests_if_needed.rb:132:in `each'
	from /root/woodside_apcs_2013_tests/APCS-Test-Framework/scripts/run_tests_if_needed.rb:132:in `<main>'
its: [["1", "testBasicDivision", "\norg.junit.ComparisonFailure", "", "<[1/1]\n>", "<[Invalid input, try again.]\n>\n\t"], ["2", "testExit", "\njava.lang.AssertionError", "Expected the program to be terminated but it was running. ", "<false>", "<true>\n\t"]]
also: [["1", "testBasicDivision", "\norg.junit.ComparisonFailure", "", "<[1/1]\n>", "<[Invalid input, try again.]\n>\n\t"], ["2", "testExit", "\njava.lang.AssertionError", "Expected the program to be terminated but it was running. ", "<false>", "<true>\n\t"]]
ev: [1/1]
dnotify: child terminated with non-zero status
 running run_tests_if_needed.sh
 running run_tests_if_needed.sh
 running run_tests_if_needed.sh
 running run_tests_if_needed.sh
Running a test
Compiling Assignment FractionCalculator for user alyssad
javac -cp /root/woodside_apcs_2013_tests/APCS-Test-Framework/lib/junit-4.11-SNAPSHOT-20120416-1530.jar /var/www/bigbluebutton-default/Dropbox/WoodsideAPCS2012-2013/alyssad/FractionCalculator/attempt1-done/FractionCalculator.java
Compiling All Tests
javac -cp /root/woodside_apcs_2013_tests/APCS-Test-Framework/lib/junit-4.11-SNAPSHOT-20120416-1530.jar:/var/www/bigbluebutton-default/Dropbox/WoodsideAPCS2012-2013/alyssad/FractionCalculator/attempt1-done/ /root/woodside_apcs_2013_tests/APCS-Test-Framework/tests/TestFractionCalculator.java
Running
java -cp /root/woodside_apcs_2013_tests/APCS-Test-Framework/tests/:/root/woodside_apcs_2013_tests/APCS-Test-Framework/lib/junit-4.11-SNAPSHOT-20120416-1530.jar:/var/www/bigbluebutton-default/Dropbox/WoodsideAPCS2012-2013/alyssad/FractionCalculator/attempt1-done/ org.junit.runner.JUnitCore TestFractionCalculator
JUnit version 4.11-SNAPSHOT-20120416-1530
..E...E
Time: 8.564
There were 2 failures:
1) testBasicDivision(TestFractionCalculator)
org.junit.ComparisonFailure: expected:<[1/1]
> but was:<[Invalid input, try again.]
>
	at org.junit.Assert.assertEquals(Assert.java:124)
	at org.junit.Assert.assertEquals(Assert.java:146)
	at TestFractionCalculator.testInAndOut(TestFractionCalculator.java:129)
	at TestFractionCalculator.testBasicDivision(TestFractionCalculator.java:196)
	at sun.reflect.NativeMethodAccessorImpl.invoke0(Native Method)
	at sun.reflect.NativeMethodAccessorImpl.invoke(NativeMethodAccessorImpl.java:57)
	at sun.reflect.DelegatingMethodAccessorImpl.invoke(DelegatingMethodAccessorImpl.java:43)
	at java.lang.reflect.Method.invoke(Method.java:616)
	at org.junit.runners.model.FrameworkMethod$1.runReflectiveCall(FrameworkMethod.java:45)
	at org.junit.internal.runners.model.ReflectiveCallable.run(ReflectiveCallable.java:15)
	at org.junit.runners.model.FrameworkMethod.invokeExplosively(FrameworkMethod.java:42)
	at org.junit.internal.runners.statements.InvokeMethod.evaluate(InvokeMethod.java:20)
	at org.junit.internal.runners.statements.RunBefores.evaluate(RunBefores.java:28)
	at org.junit.internal.runners.statements.RunAfters.evaluate(RunAfters.java:30)
	at org.junit.runners.ParentRunner.runLeaf(ParentRunner.java:269)
	at org.junit.runners.BlockJUnit4ClassRunner.runChild(BlockJUnit4ClassRunner.java:69)
	at org.junit.runners.BlockJUnit4ClassRunner.runChild(BlockJUnit4ClassRunner.java:48)
	at org.junit.runners.ParentRunner$3.run(ParentRunner.java:237)
	at org.junit.runners.ParentRunner$1.schedule(ParentRunner.java:61)
	at org.junit.runners.ParentRunner.runChildren(ParentRunner.java:235)
	at org.junit.runners.ParentRunner.access$000(ParentRunner.java:51)
	at org.junit.runners.ParentRunner$2.evaluate(ParentRunner.java:228)
	at org.junit.runners.ParentRunner.run(ParentRunner.java:306)
	at org.junit.runners.Suite.runChild(Suite.java:128)
	at org.junit.runners.Suite.runChild(Suite.java:24)
	at org.junit.runners.ParentRunner$3.run(ParentRunner.java:237)
	at org.junit.runners.ParentRunner$1.schedule(ParentRunner.java:61)
	at org.junit.runners.ParentRunner.runChildren(ParentRunner.java:235)
	at org.junit.runners.ParentRunner.access$000(ParentRunner.java:51)
	at org.junit.runners.ParentRunner$2.evaluate(ParentRunner.java:228)
	at org.junit.runners.ParentRunner.run(ParentRunner.java:306)
	at org.junit.runner.JUnitCore.run(JUnitCore.java:151)
	at org.junit.runner.JUnitCore.run(JUnitCore.java:130)
	at org.junit.runner.JUnitCore.run(JUnitCore.java:111)
	at org.junit.runner.JUnitCore.runMain(JUnitCore.java:92)
	at org.junit.runner.JUnitCore.runMainAndExit(JUnitCore.java:47)
	at org.junit.runner.JUnitCore.main(JUnitCore.java:38)
2) testExit(TestFractionCalculator)
java.lang.AssertionError: Expected the program to be terminated but it was running. expected:<false> but was:<true>
	at org.junit.Assert.fail(Assert.java:92)
	at org.junit.Assert.failNotEquals(Assert.java:646)
	at org.junit.Assert.assertEquals(Assert.java:127)
	at TestFractionCalculator.assertRunStatus(TestFractionCalculator.java:153)
	at TestFractionCalculator.testExit(TestFractionCalculator.java:204)
	at sun.reflect.NativeMethodAccessorImpl.invoke0(Native Method)
	at sun.reflect.NativeMethodAccessorImpl.invoke(NativeMethodAccessorImpl.java:57)
	at sun.reflect.DelegatingMethodAccessorImpl.invoke(DelegatingMethodAccessorImpl.java:43)
	at java.lang.reflect.Method.invoke(Method.java:616)
	at org.junit.runners.model.FrameworkMethod$1.runReflectiveCall(FrameworkMethod.java:45)
	at org.junit.internal.runners.model.ReflectiveCallable.run(ReflectiveCallable.java:15)
	at org.junit.runners.model.FrameworkMethod.invokeExplosively(FrameworkMethod.java:42)
	at org.junit.internal.runners.statements.InvokeMethod.evaluate(InvokeMethod.java:20)
	at org.junit.internal.runners.statements.RunBefores.evaluate(RunBefores.java:28)
	at org.junit.internal.runners.statements.RunAfters.evaluate(RunAfters.java:30)
	at org.junit.runners.ParentRunner.runLeaf(ParentRunner.java:269)
	at org.junit.runners.BlockJUnit4ClassRunner.runChild(BlockJUnit4ClassRunner.java:69)
	at org.junit.runners.BlockJUnit4ClassRunner.runChild(BlockJUnit4ClassRunner.java:48)
	at org.junit.runners.ParentRunner$3.run(ParentRunner.java:237)
	at org.junit.runners.ParentRunner$1.schedule(ParentRunner.java:61)
	at org.junit.runners.ParentRunner.runChildren(ParentRunner.java:235)
	at org.junit.runners.ParentRunner.access$000(ParentRunner.java:51)
	at org.junit.runners.ParentRunner$2.evaluate(ParentRunner.java:228)
	at org.junit.runners.ParentRunner.run(ParentRunner.java:306)
	at org.junit.runners.Suite.runChild(Suite.java:128)
	at org.junit.runners.Suite.runChild(Suite.java:24)
	at org.junit.runners.ParentRunner$3.run(ParentRunner.java:237)
	at org.junit.runners.ParentRunner$1.schedule(ParentRunner.java:61)
	at org.junit.runners.ParentRunner.runChildren(ParentRunner.java:235)
	at org.junit.runners.ParentRunner.access$000(ParentRunner.java:51)
	at org.junit.runners.ParentRunner$2.evaluate(ParentRunner.java:228)
	at org.junit.runners.ParentRunner.run(ParentRunner.java:306)
	at org.junit.runner.JUnitCore.run(JUnitCore.java:151)
	at org.junit.runner.JUnitCore.run(JUnitCore.java:130)
	at org.junit.runner.JUnitCore.run(JUnitCore.java:111)
	at org.junit.runner.JUnitCore.runMain(JUnitCore.java:92)
	at org.junit.runner.JUnitCore.runMainAndExit(JUnitCore.java:47)
	at org.junit.runner.JUnitCore.main(JUnitCore.java:38)

FAILURES!!!
Tests run: 5,  Failures: 2

..E...E
Time: 8.564
There were 2 failures:
1) testBasicDivision(TestFractionCalculator)
org.junit.ComparisonFailure: expected:<[1/1]
> but was:<[Invalid input, try again.]
>
	at org.junit.Assert.assertEquals(Assert.java:124)
	at org.junit.Assert.assertEquals(Assert.java:146)
	at TestFractionCalculator.testInAndOut(TestFractionCalculator.java:129)
	at TestFractionCalculator.testBasicDivision(TestFractionCalculator.java:196)
	at sun.reflect.NativeMethodAccessorImpl.invoke0(Native Method)
	at sun.reflect.NativeMethodAccessorImpl.invoke(NativeMethodAccessorImpl.java:57)
	at sun.reflect.DelegatingMethodAccessorImpl.invoke(DelegatingMethodAccessorImpl.java:43)
	at java.lang.reflect.Method.invoke(Method.java:616)
	at org.junit.runners.model.FrameworkMethod$1.runReflectiveCall(FrameworkMethod.java:45)
	at org.junit.internal.runners.model.ReflectiveCallable.run(ReflectiveCallable.java:15)
	at org.junit.runners.model.FrameworkMethod.invokeExplosively(FrameworkMethod.java:42)
	at org.junit.internal.runners.statements.InvokeMethod.evaluate(InvokeMethod.java:20)
	at org.junit.internal.runners.statements.RunBefores.evaluate(RunBefores.java:28)
	at org.junit.internal.runners.statements.RunAfters.evaluate(RunAfters.java:30)
	at org.junit.runners.ParentRunner.runLeaf(ParentRunner.java:269)
	at org.junit.runners.BlockJUnit4ClassRunner.runChild(BlockJUnit4ClassRunner.java:69)
	at org.junit.runners.BlockJUnit4ClassRunner.runChild(BlockJUnit4ClassRunner.java:48)
	at org.junit.runners.ParentRunner$3.run(ParentRunner.java:237)
	at org.junit.runners.ParentRunner$1.schedule(ParentRunner.java:61)
	at org.junit.runners.ParentRunner.runChildren(ParentRunner.java:235)
	at org.junit.runners.ParentRunner.access$000(ParentRunner.java:51)
	at org.junit.runners.ParentRunner$2.evaluate(ParentRunner.java:228)
	at org.junit.runners.ParentRunner.run(ParentRunner.java:306)
	at org.junit.runners.Suite.runChild(Suite.java:128)
	at org.junit.runners.Suite.runChild(Suite.java:24)
	at org.junit.runners.ParentRunner$3.run(ParentRunner.java:237)
	at org.junit.runners.ParentRunner$1.schedule(ParentRunner.java:61)
	at org.junit.runners.ParentRunner.runChildren(ParentRunner.java:235)
	at org.junit.runners.ParentRunner.access$000(ParentRunner.java:51)
	at org.junit.runners.ParentRunner$2.evaluate(ParentRunner.java:228)
	at org.junit.runners.ParentRunner.run(ParentRunner.java:306)
	at org.junit.runner.JUnitCore.run(JUnitCore.java:151)
	at org.junit.runner.JUnitCore.run(JUnitCore.java:130)
	at org.junit.runner.JUnitCore.run(JUnitCore.java:111)
	at org.junit.runner.JUnitCore.runMain(JUnitCore.java:92)
	at org.junit.runner.JUnitCore.runMainAndExit(JUnitCore.java:47)
	at org.junit.runner.JUnitCore.main(JUnitCore.java:38)
2) testExit(TestFractionCalculator)
java.lang.AssertionError: Expected the program to be terminated but it was running. expected:<false> but was:<true>
	at org.junit.Assert.fail(Assert.java:92)
	at org.junit.Assert.failNotEquals(Assert.java:646)
	at org.junit.Assert.assertEquals(Assert.java:127)
	at TestFractionCalculator.assertRunStatus(TestFractionCalculator.java:153)
	at TestFractionCalculator.testExit(TestFractionCalculator.java:204)
	at sun.reflect.NativeMethodAccessorImpl.invoke0(Native Method)
	at sun.reflect.NativeMethodAccessorImpl.invoke(NativeMethodAccessorImpl.java:57)
	at sun.reflect.DelegatingMethodAccessorImpl.invoke(DelegatingMethodAccessorImpl.java:43)
	at java.lang.reflect.Method.invoke(Method.java:616)
	at org.junit.runners.model.FrameworkMethod$1.runReflectiveCall(FrameworkMethod.java:45)
	at org.junit.internal.runners.model.ReflectiveCallable.run(ReflectiveCallable.java:15)
	at org.junit.runners.model.FrameworkMethod.invokeExplosively(FrameworkMethod.java:42)
	at org.junit.internal.runners.statements.InvokeMethod.evaluate(InvokeMethod.java:20)
	at org.junit.internal.runners.statements.RunBefores.evaluate(RunBefores.java:28)
	at org.junit.internal.runners.statements.RunAfters.evaluate(RunAfters.java:30)
	at org.junit.runners.ParentRunner.runLeaf(ParentRunner.java:269)
	at org.junit.runners.BlockJUnit4ClassRunner.runChild(BlockJUnit4ClassRunner.java:69)
	at org.junit.runners.BlockJUnit4ClassRunner.runChild(BlockJUnit4ClassRunner.java:48)
	at org.junit.runners.ParentRunner$3.run(ParentRunner.java:237)
	at org.junit.runners.ParentRunner$1.schedule(ParentRunner.java:61)
	at org.junit.runners.ParentRunner.runChildren(ParentRunner.java:235)
	at org.junit.runners.ParentRunner.access$000(ParentRunner.java:51)
	at org.junit.runners.ParentRunner$2.evaluate(ParentRunner.java:228)
	at org.junit.runners.ParentRunner.run(ParentRunner.java:306)
	at org.junit.runners.Suite.runChild(Suite.java:128)
	at org.junit.runners.Suite.runChild(Suite.java:24)
	at org.junit.runners.ParentRunner$3.run(ParentRunner.java:237)
	at org.junit.runners.ParentRunner$1.schedule(ParentRunner.java:61)
	at org.junit.runners.ParentRunner.runChildren(ParentRunner.java:235)
	at org.junit.runners.ParentRunner.access$000(ParentRunner.java:51)
	at org.junit.runners.ParentRunner$2.evaluate(ParentRunner.java:228)
	at org.junit.runners.ParentRunner.run(ParentRunner.java:306)
	at org.junit.runner.JUnitCore.run(JUnitCore.java:151)
	at org.junit.runner.JUnitCore.run(JUnitCore.java:130)
	at org.junit.runner.JUnitCore.run(JUnitCore.java:111)
	at org.junit.runner.JUnitCore.runMain(JUnitCore.java:92)
	at org.junit.runner.JUnitCore.runMainAndExit(JUnitCore.java:47)
	at org.junit.runner.JUnitCore.main(JUnitCore.java:38)

FAILURES!!!
Tests run: 5,  Failures: 2

its: [["1", "testBasicDivision", "\norg.junit.ComparisonFailure", "", "<[1/1]\n>", "<[Invalid input, try again.]\n>\n\t"], ["2", "testExit", "\njava.lang.AssertionError", "Expected the program to be terminated but it was running. ", "<false>", "<true>\n\t"]]
also: [["1", "testBasicDivision", "\norg.junit.ComparisonFailure", "", "<[1/1]\n>", "<[Invalid input, try again.]\n>\n\t"], ["2", "testExit", "\njava.lang.AssertionError", "Expected the program to be terminated but it was running. ", "<false>", "<true>\n\t"]]
ev: [1/1]
ev: <b>1/1]
ev: <b>1/1</b>
av: [Invalid input, try again.]
av: <b>Invalid input, try again.]
av: <b>Invalid input, try again.</b>
ev: false
ev: false
ev: 
av: true
av: true
av: true
 running run_tests_if_needed.sh
